# JRE version: Java(TM) SE Runtime Environment (8.0_20-b26) (build 1.8.0_20-b26)
# Java VM: Java HotSpot(TM) Client VM (25.20-b23 mixed mode windows-x86 )
Heap:
 def new generation   total 12736K, used 12736K [0x04c00000, 0x059d0000, 0x1a150000)
  eden space 11328K, 100% used [0x04c00000, 0x05710000, 0x05710000)
  from space 1408K, 100% used [0x05870000, 0x059d0000, 0x059d0000)
  to   space 1408K,   0% used [0x05710000, 0x05710000, 0x05870000)
 tenured generation   total 28208K, used 24985K [0x1a150000, 0x1bcdc000, 0x44c00000)
   the space 28208K,  88% used [0x1a150000, 0x1b9b66d8, 0x1b9b6800, 0x1bcdc000)
 Metaspace       used 3888K, capacity 3920K, committed 4032K, reserved 4480K
GC Heap History (10 events):
Event: 4.402 GC heap after
Heap after GC invocations=41 (full 6):
 def new generation   total 12736K, used 3K [0x04c00000, 0x059d0000, 0x1a150000)
  eden space 11328K,   0% used [0x04c00000, 0x04c00000, 0x05710000)
  from space 1408K,   0% used [0x05710000, 0x05710c58, 0x05870000)
  to   space 1408K,   0% used [0x05870000, 0x05870000, 0x059d0000)
 tenured generation   total 28208K, used 24551K [0x1a150000, 0x1bcdc000, 0x44c00000)
   the space 28208K,  87% used [0x1a150000, 0x1b949ef0, 0x1b94a000, 0x1bcdc000)
 Metaspace       used 3888K, capacity 3920K, committed 4032K, reserved 4480K
}
Event: 4.421 GC heap before
{Heap before GC invocations=41 (full 6):
 def new generation   total 12736K, used 11331K [0x04c00000, 0x059d0000, 0x1a150000)
  eden space 11328K, 100% used [0x04c00000, 0x05710000, 0x05710000)
  from space 1408K,   0% used [0x05710000, 0x05710c58, 0x05870000)
  to   space 1408K,   0% used [0x05870000, 0x05870000, 0x059d0000)
 tenured generation   total 28208K, used 24551K [0x1a150000, 0x1bcdc000, 0x44c00000)
   the space 28208K,  87% used [0x1a150000, 0x1b949ef0, 0x1b94a000, 0x1bcdc000)
 Metaspace       used 3888K, capacity 3920K, committed 4032K, reserved 4480K
Event: 4.422 GC heap after
Heap after GC invocations=42 (full 6):
 def new generation   total 12736K, used 1K [0x04c00000, 0x059d0000, 0x1a150000)
  eden space 11328K,   0% used [0x04c00000, 0x04c00000, 0x05710000)
  from space 1408K,   0% used [0x05870000, 0x05870538, 0x059d0000)
  to   space 1408K,   0% used [0x05710000, 0x05710000, 0x05870000)
 tenured generation   total 28208K, used 24551K [0x1a150000, 0x1bcdc000, 0x44c00000)
   the space 28208K,  87% used [0x1a150000, 0x1b949ef0, 0x1b94a000, 0x1bcdc000)
 Metaspace       used 3888K, capacity 3920K, committed 4032K, reserved 4480K
}
Event: 4.494 GC heap before
{Heap before GC invocations=42 (full 6):
 def new generation   total 12736K, used 11329K [0x04c00000, 0x059d0000, 0x1a150000)
  eden space 11328K, 100% used [0x04c00000, 0x05710000, 0x05710000)
  from space 1408K,   0% used [0x05870000, 0x05870538, 0x059d0000)
  to   space 1408K,   0% used [0x05710000, 0x05710000, 0x05870000)
 tenured generation   total 28208K, used 24551K [0x1a150000, 0x1bcdc000, 0x44c00000)
   the space 28208K,  87% used [0x1a150000, 0x1b949ef0, 0x1b94a000, 0x1bcdc000)
 Metaspace       used 3888K, capacity 3920K, committed 4032K, reserved 4480K
Event: 4.515 GC heap after
Heap after GC invocations=43 (full 7):
 def new generation   total 12736K, used 5897K [0x04c00000, 0x059d0000, 0x1a150000)
  eden space 11328K,  52% used [0x04c00000, 0x051c24f0, 0x05710000)
  from space 1408K,   0% used [0x05710000, 0x05710000, 0x05870000)
  to   space 1408K,   0% used [0x05870000, 0x05870000, 0x059d0000)
 tenured generation   total 28208K, used 24551K [0x1a150000, 0x1bcdc000, 0x44c00000)
   the space 28208K,  87% used [0x1a150000, 0x1b949ef0, 0x1b94a000, 0x1bcdc000)
 Metaspace       used 3888K, capacity 3920K, committed 4032K, reserved 4480K
}
Event: 4.530 GC heap before
{Heap before GC invocations=43 (full 7):
 def new generation   total 12736K, used 11328K [0x04c00000, 0x059d0000, 0x1a150000)
  eden space 11328K, 100% used [0x04c00000, 0x05710000, 0x05710000)
  from space 1408K,   0% used [0x05710000, 0x05710000, 0x05870000)
  to   space 1408K,   0% used [0x05870000, 0x05870000, 0x059d0000)
 tenured generation   total 28208K, used 24551K [0x1a150000, 0x1bcdc000, 0x44c00000)
   the space 28208K,  87% used [0x1a150000, 0x1b949ef0, 0x1b94a000, 0x1bcdc000)
 Metaspace       used 3888K, capacity 3920K, committed 4032K, reserved 4480K
Event: 4.556 GC heap after
Heap after GC invocations=44 (full 8):
 def new generation   total 12736K, used 6239K [0x04c00000, 0x059d0000, 0x1a150000)
  eden space 11328K,  55% used [0x04c00000, 0x05217f80, 0x05710000)
  from space 1408K,   0% used [0x05870000, 0x05870000, 0x059d0000)
  to   space 1408K,   0% used [0x05710000, 0x05710000, 0x05870000)
 tenured generation   total 28208K, used 24144K [0x1a150000, 0x1bcdc000, 0x44c00000)
   the space 28208K,  85% used [0x1a150000, 0x1b8e4358, 0x1b8e4400, 0x1bcdc000)
 Metaspace       used 3888K, capacity 3920K, committed 4032K, reserved 4480K
}
Event: 4.566 GC heap before
{Heap before GC invocations=44 (full 8):
 def new generation   total 12736K, used 11328K [0x04c00000, 0x059d0000, 0x1a150000)
  eden space 11328K, 100% used [0x04c00000, 0x05710000, 0x05710000)
  from space 1408K,   0% used [0x05870000, 0x05870000, 0x059d0000)
  to   space 1408K,   0% used [0x05710000, 0x05710000, 0x05870000)
 tenured generation   total 28208K, used 24144K [0x1a150000, 0x1bcdc000, 0x44c00000)
   the space 28208K,  85% used [0x1a150000, 0x1b8e4358, 0x1b8e4400, 0x1bcdc000)
 Metaspace       used 3888K, capacity 3920K, committed 4032K, reserved 4480K
Event: 4.593 GC heap after
Heap after GC invocations=45 (full 9):
 def new generation   total 12736K, used 6973K [0x04c00000, 0x059d0000, 0x1a150000)
  eden space 11328K,  61% used [0x04c00000, 0x052cf6c8, 0x05710000)
  from space 1408K,   0% used [0x05710000, 0x05710000, 0x05870000)
  to   space 1408K,   0% used [0x05870000, 0x05870000, 0x059d0000)
 tenured generation   total 28208K, used 24144K [0x1a150000, 0x1bcdc000, 0x44c00000)
   the space 28208K,  85% used [0x1a150000, 0x1b8e4358, 0x1b8e4400, 0x1bcdc000)
 Metaspace       used 3888K, capacity 3920K, committed 4032K, reserved 4480K
}
Event: 4.603 GC heap before
{Heap before GC invocations=45 (full 9):
 def new generation   total 12736K, used 11328K [0x04c00000, 0x059d0000, 0x1a150000)
  eden space 11328K, 100% used [0x04c00000, 0x05710000, 0x05710000)
  from space 1408K,   0% used [0x05710000, 0x05710000, 0x05870000)
  to   space 1408K,   0% used [0x05870000, 0x05870000, 0x059d0000)
 tenured generation   total 28208K, used 24144K [0x1a150000, 0x1bcdc000, 0x44c00000)
   the space 28208K,  85% used [0x1a150000, 0x1b8e4358, 0x1b8e4400, 0x1bcdc000)
 Metaspace       used 3888K, capacity 3920K, committed 4032K, reserved 4480K

